O C T E J O U E U I Q B F O B N G A E F P P N G U L M N F A B T I A O Q K O D I 

L E F A A I V B F A A D U U T O K A R I F U G D T J I W D N A W P U C F K T O O 

G Q A B V U A A C H F U A F B M D O L I B B N A T J I E I A I X O V I C W A I R 

M V T E A F U A I A B E C K N P A A R B G T E F W C D A E O V A L T S D F U T A 

M H T D E L F E A D U Y Q O J I F U A R X C F V D T F F T Q I I E J K F F G F W 

J E A M A J Y T U A A Y P B G F Y F Y P T E E I J C F G T M B O F F A V J A T A 

F E F O F U C D Y N P F U T I T O E P E O S A U O B E W I E B Y I W O B T T K T 

D O F I V I A W A B I T X T Q R O L O R L Q I L O A D J F M A O D N B O B T T R 

J O G C C J P Y R E D X E F F Y A P L A L F L T B J O P I A B E L L P T D V E F 

I W O A D E P T U L Y C T T B U A W A E E E V T U J A F T Q T C O Q I S U F X T 

D A E A G K T N A D Q Y B A X A O L L E H E L L O F T I Q A J L D V A F E X T E 

N I E C A R A E M E I H A G A I I A A E E E D A C A I D I H N A P J O U I E Q F 

B E N M E F P K L C H T P L I W M N L A L N L C G U Y T H T C T E H R D U D K F 

W E T F K U O E I E F E A J T A L L I W L A I L I T P X H B O A L W T F T Q A A 

I K X A T V A A T C A E I V O I O W C E O A A U O L F M A Y N U X D F D R O O S 

M E A Q M X S L V H V D T E G S T N I B V A F M M A G J F G O A A E F P U F F I 

O I I M O F C A R I I I I O L L A N C P N O E U G U V T B E A S U P I C V O B G 

F C E G P W I W C L C X F A Q B T L F T X C U N V A C U C C D T J I A W I Q E T 

E U M O E A C B O A O O E F A A K I L E A I R C O C U T E Y I Y B C Y C A T K E 

R M C E I F A G A B K L W B E I T U R F F R U F Y Q D I T D O C D F K E D E L K 


